Added Component: Designator=C1_FAA(0805)
Add component. Clean all parameters for all variants
Added Component: Designator=C1_FR(0805)
Add component. Clean all parameters for all variants
Added Component: Designator=C2_FAA(0805)
Add component. Clean all parameters for all variants
Added Component: Designator=C2_FR(0805)
Add component. Clean all parameters for all variants
Added Component: Designator=C11_FAA(0805)
Add component. Clean all parameters for all variants
Added Component: Designator=C11_FR(0805)
Add component. Clean all parameters for all variants
Added Component: Designator=C12_FAA(0805)
Add component. Clean all parameters for all variants
Added Component: Designator=C12_FR(0805)
Add component. Clean all parameters for all variants
Added Component: Designator=C21_FAA(0805)
Add component. Clean all parameters for all variants
Added Component: Designator=C21_FR(0805)
Add component. Clean all parameters for all variants
Added Component: Designator=C22_FAA(0805)
Add component. Clean all parameters for all variants
Added Component: Designator=C22_FR(0805)
Add component. Clean all parameters for all variants
Added Component: Designator=C31_FAA(0805)
Add component. Clean all parameters for all variants
Added Component: Designator=C31_FR(0805)
Add component. Clean all parameters for all variants
Added Component: Designator=C32_FAA(0805)
Add component. Clean all parameters for all variants
Added Component: Designator=C32_FR(0805)
Add component. Clean all parameters for all variants
Added Component: Designator=C41_FAA(0805)
Add component. Clean all parameters for all variants
Added Component: Designator=C41_FR(0805)
Add component. Clean all parameters for all variants
Added Component: Designator=C42_FAA(0805)
Add component. Clean all parameters for all variants
Added Component: Designator=C42_FR(0805)
Add component. Clean all parameters for all variants
Added Component: Designator=R11_FAA(0805)
Add component. Clean all parameters for all variants
Added Component: Designator=R11_FR(0805)
Add component. Clean all parameters for all variants
Added Component: Designator=R12_FAA(0805)
Add component. Clean all parameters for all variants
Added Component: Designator=R12_FR(0805)
Add component. Clean all parameters for all variants
Added Component: Designator=R13_FAA(0805)
Add component. Clean all parameters for all variants
Added Component: Designator=R13_FR(0805)
Add component. Clean all parameters for all variants
Added Component: Designator=R21_FAA(0805)
Add component. Clean all parameters for all variants
Added Component: Designator=R21_FR(0805)
Add component. Clean all parameters for all variants
Added Component: Designator=R22_FAA(0805)
Add component. Clean all parameters for all variants
Added Component: Designator=R22_FR(0805)
Add component. Clean all parameters for all variants
Added Component: Designator=R23_FAA(0805)
Add component. Clean all parameters for all variants
Added Component: Designator=R23_FR(0805)
Add component. Clean all parameters for all variants
Added Component: Designator=R31_FAA(0805)
Add component. Clean all parameters for all variants
Added Component: Designator=R31_FR(0805)
Add component. Clean all parameters for all variants
Added Component: Designator=R32_FAA(0805)
Add component. Clean all parameters for all variants
Added Component: Designator=R32_FR(0805)
Add component. Clean all parameters for all variants
Added Component: Designator=R33_FAA(0805)
Add component. Clean all parameters for all variants
Added Component: Designator=R33_FR(0805)
Add component. Clean all parameters for all variants
Added Component: Designator=R41_FAA(0805)
Add component. Clean all parameters for all variants
Added Component: Designator=R41_FR(0805)
Add component. Clean all parameters for all variants
Added Component: Designator=R42_FAA(0805)
Add component. Clean all parameters for all variants
Added Component: Designator=R42_FR(0805)
Add component. Clean all parameters for all variants
Added Component: Designator=R43_FAA(0805)
Add component. Clean all parameters for all variants
Added Component: Designator=R43_FR(0805)
Add component. Clean all parameters for all variants
Added Component: Designator=U1_FAA(TI-D14_N)
Add component. Clean all parameters for all variants
Add component (AddParameter): Name = "CMRR(Min)(dB)"; Value = "75"; VariantName = "[No Variations]"
Add component (AddParameter): Name = "Code_JEDEC"; Value = "MS-012"; VariantName = "[No Variations]"
Add component (AddParameter): Name = "ComponentLink1Description"; Value = "Manufacturer URL"; VariantName = "[No Variations]"
Add component (AddParameter): Name = "ComponentLink1URL"; Value = "http://www.ti.com/"; VariantName = "[No Variations]"
Add component (AddParameter): Name = "ComponentLink2Description"; Value = "Datasheet"; VariantName = "[No Variations]"
Add component (AddParameter): Name = "ComponentLink2URL"; Value = "http://www.ti.com/lit/ds/symlink/tl084a.pdf"; VariantName = "[No Variations]"
Add component (AddParameter): Name = "ComponentLink3Description"; Value = "Package Specification"; VariantName = "[No Variations]"
Add component (AddParameter): Name = "ComponentLink3URL"; Value = "http://www.ti.com/lit/ml/mpds177g/mpds177g.pdf"; VariantName = "[No Variations]"
Add component (AddParameter): Name = "DatasheetVersion"; Value = "SLOS081G"; VariantName = "[No Variations]"
Add component (AddParameter): Name = "Eco-Plan"; Value = "Green (RoHS & no Sb/Br)"; VariantName = "[No Variations]"
Add component (AddParameter): Name = "GBW(Typ)(MHz)"; Value = "3"; VariantName = "[No Variations]"
Add component (AddParameter): Name = "IIB(Max)(pA)"; Value = "200"; VariantName = "[No Variations]"
Add component (AddParameter): Name = "Iq per channel(Max)(mA)"; Value = "2.8"; VariantName = "[No Variations]"
Add component (AddParameter): Name = "Manufacturer"; Value = "Texas Instruments"; VariantName = "[No Variations]"
Add component (AddParameter): Name = "Mounting Technology"; Value = "Surface Mount"; VariantName = "[No Variations]"
Add component (AddParameter): Name = "Number of Channels"; Value = "4"; VariantName = "[No Variations]"
Add component (AddParameter): Name = "Offset Drift(Typ)(uV/C)"; Value = "18"; VariantName = "[No Variations]"
Add component (AddParameter): Name = "PackageDescription"; Value = "14-Pin Plastic Small Outline, Body 8.65 x 3.90 mm, Pitch 1.27 mm"; VariantName = "[No Variations]"
Add component (AddParameter): Name = "PackageReference"; Value = "D14"; VariantName = "[No Variations]"
Add component (AddParameter): Name = "PackageVersion"; Value = "4040047-5/M, 06/2011"; VariantName = "[No Variations]"
Add component (AddParameter): Name = "PartNumber"; Value = "TL084ACD"; VariantName = "[No Variations]"
Add component (AddParameter): Name = "Rating"; Value = "Catalog"; VariantName = "[No Variations]"
Add component (AddParameter): Name = "Slew Rate(Typ)(V/us)"; Value = "13"; VariantName = "[No Variations]"
Add component (AddParameter): Name = "Sub Family"; Value = "General Purpose Amplifier, High Supply Voltage Amplifier (>=30V)"; VariantName = "[No Variations]"
Add component (AddParameter): Name = "Supplier 1"; Value = "Digi-Key"; VariantName = "[No Variations]"
Add component (AddParameter): Name = "Supplier 2"; Value = "Farnell"; VariantName = "[No Variations]"
Add component (AddParameter): Name = "Supplier 3"; Value = "Newark"; VariantName = "[No Variations]"
Add component (AddParameter): Name = "Supplier 4"; Value = "Mouser"; VariantName = "[No Variations]"
Add component (AddParameter): Name = "Supplier Part Number 1"; Value = "296-7210-5-ND"; VariantName = "[No Variations]"
Add component (AddParameter): Name = "Supplier Part Number 2"; Value = "9593420"; VariantName = "[No Variations]"
Add component (AddParameter): Name = "Supplier Part Number 3"; Value = "08F9355"; VariantName = "[No Variations]"
Add component (AddParameter): Name = "Supplier Part Number 4"; Value = "595-TL084ACD"; VariantName = "[No Variations]"
Add component (AddParameter): Name = "Total Supply Voltage(Max)(+5V is 5, +/-5V is 10)"; Value = "36"; VariantName = "[No Variations]"
Add component (AddParameter): Name = "Total Supply Voltage(Min)(+5V is 5, +/-5V is 10)"; Value = "7"; VariantName = "[No Variations]"
Add component (AddParameter): Name = "Vio (25C)(Max)(mV)"; Value = "6"; VariantName = "[No Variations]"
Add component (AddParameter): Name = "Vn at 1kHz(Typ)(nV/rtHz)"; Value = "18"; VariantName = "[No Variations]"
Added Component: Designator=U1_FR(TI-D14_N)
Add component. Clean all parameters for all variants
Add component (AddParameter): Name = "CMRR(Min)(dB)"; Value = "75"; VariantName = "[No Variations]"
Add component (AddParameter): Name = "Code_JEDEC"; Value = "MS-012"; VariantName = "[No Variations]"
Add component (AddParameter): Name = "ComponentLink1Description"; Value = "Manufacturer URL"; VariantName = "[No Variations]"
Add component (AddParameter): Name = "ComponentLink1URL"; Value = "http://www.ti.com/"; VariantName = "[No Variations]"
Add component (AddParameter): Name = "ComponentLink2Description"; Value = "Datasheet"; VariantName = "[No Variations]"
Add component (AddParameter): Name = "ComponentLink2URL"; Value = "http://www.ti.com/lit/ds/symlink/tl084a.pdf"; VariantName = "[No Variations]"
Add component (AddParameter): Name = "ComponentLink3Description"; Value = "Package Specification"; VariantName = "[No Variations]"
Add component (AddParameter): Name = "ComponentLink3URL"; Value = "http://www.ti.com/lit/ml/mpds177g/mpds177g.pdf"; VariantName = "[No Variations]"
Add component (AddParameter): Name = "DatasheetVersion"; Value = "SLOS081G"; VariantName = "[No Variations]"
Add component (AddParameter): Name = "Eco-Plan"; Value = "Green (RoHS & no Sb/Br)"; VariantName = "[No Variations]"
Add component (AddParameter): Name = "GBW(Typ)(MHz)"; Value = "3"; VariantName = "[No Variations]"
Add component (AddParameter): Name = "IIB(Max)(pA)"; Value = "200"; VariantName = "[No Variations]"
Add component (AddParameter): Name = "Iq per channel(Max)(mA)"; Value = "2.8"; VariantName = "[No Variations]"
Add component (AddParameter): Name = "Manufacturer"; Value = "Texas Instruments"; VariantName = "[No Variations]"
Add component (AddParameter): Name = "Mounting Technology"; Value = "Surface Mount"; VariantName = "[No Variations]"
Add component (AddParameter): Name = "Number of Channels"; Value = "4"; VariantName = "[No Variations]"
Add component (AddParameter): Name = "Offset Drift(Typ)(uV/C)"; Value = "18"; VariantName = "[No Variations]"
Add component (AddParameter): Name = "PackageDescription"; Value = "14-Pin Plastic Small Outline, Body 8.65 x 3.90 mm, Pitch 1.27 mm"; VariantName = "[No Variations]"
Add component (AddParameter): Name = "PackageReference"; Value = "D14"; VariantName = "[No Variations]"
Add component (AddParameter): Name = "PackageVersion"; Value = "4040047-5/M, 06/2011"; VariantName = "[No Variations]"
Add component (AddParameter): Name = "PartNumber"; Value = "TL084ACD"; VariantName = "[No Variations]"
Add component (AddParameter): Name = "Rating"; Value = "Catalog"; VariantName = "[No Variations]"
Add component (AddParameter): Name = "Slew Rate(Typ)(V/us)"; Value = "13"; VariantName = "[No Variations]"
Add component (AddParameter): Name = "Sub Family"; Value = "General Purpose Amplifier, High Supply Voltage Amplifier (>=30V)"; VariantName = "[No Variations]"
Add component (AddParameter): Name = "Supplier 1"; Value = "Digi-Key"; VariantName = "[No Variations]"
Add component (AddParameter): Name = "Supplier 2"; Value = "Farnell"; VariantName = "[No Variations]"
Add component (AddParameter): Name = "Supplier 3"; Value = "Newark"; VariantName = "[No Variations]"
Add component (AddParameter): Name = "Supplier 4"; Value = "Mouser"; VariantName = "[No Variations]"
Add component (AddParameter): Name = "Supplier Part Number 1"; Value = "296-7210-5-ND"; VariantName = "[No Variations]"
Add component (AddParameter): Name = "Supplier Part Number 2"; Value = "9593420"; VariantName = "[No Variations]"
Add component (AddParameter): Name = "Supplier Part Number 3"; Value = "08F9355"; VariantName = "[No Variations]"
Add component (AddParameter): Name = "Supplier Part Number 4"; Value = "595-TL084ACD"; VariantName = "[No Variations]"
Add component (AddParameter): Name = "Total Supply Voltage(Max)(+5V is 5, +/-5V is 10)"; Value = "36"; VariantName = "[No Variations]"
Add component (AddParameter): Name = "Total Supply Voltage(Min)(+5V is 5, +/-5V is 10)"; Value = "7"; VariantName = "[No Variations]"
Add component (AddParameter): Name = "Vio (25C)(Max)(mV)"; Value = "6"; VariantName = "[No Variations]"
Add component (AddParameter): Name = "Vn at 1kHz(Typ)(nV/rtHz)"; Value = "18"; VariantName = "[No Variations]"
Added Pin To Net: NetName=+VCC Pin=C1_FAA-1
Added Pin To Net: NetName=GND Pin=C1_FAA-2
Added Pin To Net: NetName=+VCC Pin=C1_FR-1
Added Pin To Net: NetName=GND Pin=C1_FR-2
Added Pin To Net: NetName=-VCC Pin=C2_FAA-1
Added Pin To Net: NetName=GND Pin=C2_FAA-2
Added Pin To Net: NetName=-VCC Pin=C2_FR-1
Added Pin To Net: NetName=GND Pin=C2_FR-2
Added Pin To Net: NetName=Vx1_FAA Pin=C11_FAA-1
Added Pin To Net: NetName=GND Pin=C11_FAA-2
Added Pin To Net: NetName=Vx1_FR Pin=C11_FR-1
Added Pin To Net: NetName=GND Pin=C11_FR-2
Added Pin To Net: NetName=V1out_FAA Pin=C12_FAA-1
Added Pin To Net: NetName=V-1_FAA Pin=C12_FAA-2
Added Pin To Net: NetName=V1out_FR Pin=C12_FR-1
Added Pin To Net: NetName=V-1_FR Pin=C12_FR-2
Added Pin To Net: NetName=Vx2_FAA Pin=C21_FAA-1
Added Pin To Net: NetName=GND Pin=C21_FAA-2
Added Pin To Net: NetName=Vx2_FR Pin=C21_FR-1
Added Pin To Net: NetName=GND Pin=C21_FR-2
Added Pin To Net: NetName=V2out_FAA Pin=C22_FAA-1
Added Pin To Net: NetName=V-2_FAA Pin=C22_FAA-2
Added Pin To Net: NetName=V2out_FR Pin=C22_FR-1
Added Pin To Net: NetName=V-2_FR Pin=C22_FR-2
Added Pin To Net: NetName=Vx3_FAA Pin=C31_FAA-1
Added Pin To Net: NetName=GND Pin=C31_FAA-2
Added Pin To Net: NetName=Vx3_FR Pin=C31_FR-1
Added Pin To Net: NetName=GND Pin=C31_FR-2
Added Pin To Net: NetName=V3out_FAA Pin=C32_FAA-1
Added Pin To Net: NetName=V-3_FAA Pin=C32_FAA-2
Added Pin To Net: NetName=V3out_FR Pin=C32_FR-1
Added Pin To Net: NetName=V-3_FR Pin=C32_FR-2
Added Pin To Net: NetName=Vx4_FAA Pin=C41_FAA-1
Added Pin To Net: NetName=GND Pin=C41_FAA-2
Added Pin To Net: NetName=Vx4_FR Pin=C41_FR-1
Added Pin To Net: NetName=GND Pin=C41_FR-2
Added Pin To Net: NetName=V4out_FAA Pin=C42_FAA-1
Added Pin To Net: NetName=V-4_FAA Pin=C42_FAA-2
Added Pin To Net: NetName=V4out_FR Pin=C42_FR-1
Added Pin To Net: NetName=V-4_FR Pin=C42_FR-2
Added Pin To Net: NetName=Xin Pin=R11_FAA-1
Added Pin To Net: NetName=Vx1_FAA Pin=R11_FAA-2
Added Pin To Net: NetName=NetR11_FR_1 Pin=R11_FR-1
Added Pin To Net: NetName=Vx1_FR Pin=R11_FR-2
Added Pin To Net: NetName=Vx1_FAA Pin=R12_FAA-1
Added Pin To Net: NetName=V-1_FAA Pin=R12_FAA-2
Added Pin To Net: NetName=Vx1_FR Pin=R12_FR-1
Added Pin To Net: NetName=V-1_FR Pin=R12_FR-2
Added Pin To Net: NetName=V1out_FAA Pin=R13_FAA-1
Added Pin To Net: NetName=Vx1_FAA Pin=R13_FAA-2
Added Pin To Net: NetName=V1out_FR Pin=R13_FR-1
Added Pin To Net: NetName=Vx1_FR Pin=R13_FR-2
Added Pin To Net: NetName=Vx2_FAA Pin=R21_FAA-2
Added Pin To Net: NetName=Vx2_FR Pin=R21_FR-2
Added Pin To Net: NetName=Vx2_FAA Pin=R22_FAA-1
Added Pin To Net: NetName=V-2_FAA Pin=R22_FAA-2
Added Pin To Net: NetName=Vx2_FR Pin=R22_FR-1
Added Pin To Net: NetName=V-2_FR Pin=R22_FR-2
Added Pin To Net: NetName=V2out_FAA Pin=R23_FAA-1
Added Pin To Net: NetName=Vx2_FAA Pin=R23_FAA-2
Added Pin To Net: NetName=V2out_FR Pin=R23_FR-1
Added Pin To Net: NetName=Vx2_FR Pin=R23_FR-2
Added Pin To Net: NetName=Vx3_FAA Pin=R31_FAA-2
Added Pin To Net: NetName=Vx3_FR Pin=R31_FR-2
Added Pin To Net: NetName=Vx3_FAA Pin=R32_FAA-1
Added Pin To Net: NetName=V-3_FAA Pin=R32_FAA-2
Added Pin To Net: NetName=Vx3_FR Pin=R32_FR-1
Added Pin To Net: NetName=V-3_FR Pin=R32_FR-2
Added Pin To Net: NetName=V3out_FAA Pin=R33_FAA-1
Added Pin To Net: NetName=Vx3_FAA Pin=R33_FAA-2
Added Pin To Net: NetName=V3out_FR Pin=R33_FR-1
Added Pin To Net: NetName=Vx3_FR Pin=R33_FR-2
Added Pin To Net: NetName=Vx4_FAA Pin=R41_FAA-2
Added Pin To Net: NetName=Vx4_FR Pin=R41_FR-2
Added Pin To Net: NetName=Vx4_FAA Pin=R42_FAA-1
Added Pin To Net: NetName=V-4_FAA Pin=R42_FAA-2
Added Pin To Net: NetName=Vx4_FR Pin=R42_FR-1
Added Pin To Net: NetName=V-4_FR Pin=R42_FR-2
Added Pin To Net: NetName=V4out_FAA Pin=R43_FAA-1
Added Pin To Net: NetName=Vx4_FAA Pin=R43_FAA-2
Added Pin To Net: NetName=V4out_FR Pin=R43_FR-1
Added Pin To Net: NetName=Vx4_FR Pin=R43_FR-2
Added Pin To Net: NetName=V1out_FAA Pin=U1_FAA-1
Added Pin To Net: NetName=V-1_FAA Pin=U1_FAA-2
Added Pin To Net: NetName=GND Pin=U1_FAA-3
Added Pin To Net: NetName=+VCC Pin=U1_FAA-4
Added Pin To Net: NetName=GND Pin=U1_FAA-5
Added Pin To Net: NetName=V-2_FAA Pin=U1_FAA-6
Added Pin To Net: NetName=V2out_FAA Pin=U1_FAA-7
Added Pin To Net: NetName=V3out_FAA Pin=U1_FAA-8
Added Pin To Net: NetName=V-3_FAA Pin=U1_FAA-9
Added Pin To Net: NetName=GND Pin=U1_FAA-10
Added Pin To Net: NetName=-VCC Pin=U1_FAA-11
Added Pin To Net: NetName=GND Pin=U1_FAA-12
Added Pin To Net: NetName=V-4_FAA Pin=U1_FAA-13
Added Pin To Net: NetName=V4out_FAA Pin=U1_FAA-14
Added Pin To Net: NetName=V1out_FR Pin=U1_FR-1
Added Pin To Net: NetName=V-1_FR Pin=U1_FR-2
Added Pin To Net: NetName=GND Pin=U1_FR-3
Added Pin To Net: NetName=+VCC Pin=U1_FR-4
Added Pin To Net: NetName=GND Pin=U1_FR-5
Added Pin To Net: NetName=V-2_FR Pin=U1_FR-6
Added Pin To Net: NetName=V2out_FR Pin=U1_FR-7
Added Pin To Net: NetName=V3out_FR Pin=U1_FR-8
Added Pin To Net: NetName=V-3_FR Pin=U1_FR-9
Added Pin To Net: NetName=GND Pin=U1_FR-10
Added Pin To Net: NetName=-VCC Pin=U1_FR-11
Added Pin To Net: NetName=GND Pin=U1_FR-12
Added Pin To Net: NetName=V-4_FR Pin=U1_FR-13
Added Pin To Net: NetName=V4out_FR Pin=U1_FR-14
Added Member To Class: ClassName=FAA Member=Component C1_FAA (C1) CAP
Added Member To Class: ClassName=FR Member=Component C1_FR (C1) CAP
Added Member To Class: ClassName=FAA Member=Component C2_FAA (C2) CAP
Added Member To Class: ClassName=FR Member=Component C2_FR (C2) CAP
Added Member To Class: ClassName=FAA Member=Component C11_FAA (C11) CAP
Added Member To Class: ClassName=FR Member=Component C11_FR (C11) CAP
Added Member To Class: ClassName=FAA Member=Component C12_FAA (C12) CAP
Added Member To Class: ClassName=FR Member=Component C12_FR (C12) CAP
Added Member To Class: ClassName=FAA Member=Component C21_FAA (C21) CAP
Added Member To Class: ClassName=FR Member=Component C21_FR (C21) CAP
Added Member To Class: ClassName=FAA Member=Component C22_FAA (C22) CAP
Added Member To Class: ClassName=FR Member=Component C22_FR (C22) CAP
Added Member To Class: ClassName=FAA Member=Component C31_FAA (C31) CAP
Added Member To Class: ClassName=FR Member=Component C31_FR (C31) CAP
Added Member To Class: ClassName=FAA Member=Component C32_FAA (C32) CAP
Added Member To Class: ClassName=FR Member=Component C32_FR (C32) CAP
Added Member To Class: ClassName=FAA Member=Component C41_FAA (C41) CAP
Added Member To Class: ClassName=FR Member=Component C41_FR (C41) CAP
Added Member To Class: ClassName=FAA Member=Component C42_FAA (C42) CAP
Added Member To Class: ClassName=FR Member=Component C42_FR (C42) CAP
Added Member To Class: ClassName=FAA Member=Component R11_FAA (R11) RES
Added Member To Class: ClassName=FR Member=Component R11_FR (R11) RES
Added Member To Class: ClassName=FAA Member=Component R12_FAA (R12) RES
Added Member To Class: ClassName=FR Member=Component R12_FR (R12) RES
Added Member To Class: ClassName=FAA Member=Component R13_FAA (R13) RES
Added Member To Class: ClassName=FR Member=Component R13_FR (R13) RES
Added Member To Class: ClassName=FAA Member=Component R21_FAA (R21) RES
Added Member To Class: ClassName=FR Member=Component R21_FR (R21) RES
Added Member To Class: ClassName=FAA Member=Component R22_FAA (R22) RES
Added Member To Class: ClassName=FR Member=Component R22_FR (R22) RES
Added Member To Class: ClassName=FAA Member=Component R23_FAA (R23) RES
Added Member To Class: ClassName=FR Member=Component R23_FR (R23) RES
Added Member To Class: ClassName=FAA Member=Component R31_FAA (R31) RES
Added Member To Class: ClassName=FR Member=Component R31_FR (R31) RES
Added Member To Class: ClassName=FAA Member=Component R32_FAA (R32) RES
Added Member To Class: ClassName=FR Member=Component R32_FR (R32) RES
Added Member To Class: ClassName=FAA Member=Component R33_FAA (R33) RES
Added Member To Class: ClassName=FR Member=Component R33_FR (R33) RES
Added Member To Class: ClassName=FAA Member=Component R41_FAA (R41) RES
Added Member To Class: ClassName=FR Member=Component R41_FR (R41) RES
Added Member To Class: ClassName=FAA Member=Component R42_FAA (R42) RES
Added Member To Class: ClassName=FR Member=Component R42_FR (R42) RES
Added Member To Class: ClassName=FAA Member=Component R43_FAA (R43) RES
Added Member To Class: ClassName=FR Member=Component R43_FR (R43) RES
Added Member To Class: ClassName=FAA Member=Component U1_FAA (U1A) TL084ACD
Added Member To Class: ClassName=FR Member=Component U1_FR (U1A) TL084ACD
Added Room: Name=FAA
Added Room: Name=FR
