Change Component Designator: OldDesignator=C1 NewDesignator=C1_FAA
Change Component Designator: OldDesignator=C2 NewDesignator=C2_FAA
Change Component Designator: OldDesignator=C11 NewDesignator=C11_FAA
Change Component Designator: OldDesignator=C12 NewDesignator=C12_FAA
Change Component Designator: OldDesignator=C21 NewDesignator=C21_FAA
Change Component Designator: OldDesignator=C22 NewDesignator=C22_FAA
Change Component Designator: OldDesignator=C31 NewDesignator=C31_FAA
Change Component Designator: OldDesignator=C32 NewDesignator=C32_FAA
Change Component Designator: OldDesignator=C41 NewDesignator=C41_FAA
Change Component Designator: OldDesignator=C42 NewDesignator=C42_FAA
Change Component Designator: OldDesignator=R11 NewDesignator=R11_FAA
Change Component Designator: OldDesignator=R12 NewDesignator=R12_FAA
Change Component Designator: OldDesignator=R13 NewDesignator=R13_FAA
Change Component Designator: OldDesignator=R21 NewDesignator=R21_FAA
Change Component Designator: OldDesignator=R22 NewDesignator=R22_FAA
Change Component Designator: OldDesignator=R23 NewDesignator=R23_FAA
Change Component Designator: OldDesignator=R31 NewDesignator=R31_FAA
Change Component Designator: OldDesignator=R32 NewDesignator=R32_FAA
Change Component Designator: OldDesignator=R33 NewDesignator=R33_FAA
Change Component Designator: OldDesignator=R41 NewDesignator=R41_FAA
Change Component Designator: OldDesignator=R42 NewDesignator=R42_FAA
Change Component Designator: OldDesignator=R43 NewDesignator=R43_FAA
Change Component Designator: OldDesignator=U1 NewDesignator=U1_FAA
Added Component: Designator=C1_FR(0805)
Add component. Clean all parameters for all variants
Added Component: Designator=C2_FR(0805)
Add component. Clean all parameters for all variants
Added Component: Designator=C11_FR(0805)
Add component. Clean all parameters for all variants
Added Component: Designator=C12_FR(0805)
Add component. Clean all parameters for all variants
Added Component: Designator=C21_FR(0805)
Add component. Clean all parameters for all variants
Added Component: Designator=C22_FR(0805)
Add component. Clean all parameters for all variants
Added Component: Designator=C31_FR(0805)
Add component. Clean all parameters for all variants
Added Component: Designator=C32_FR(0805)
Add component. Clean all parameters for all variants
Added Component: Designator=C41_FR(0805)
Add component. Clean all parameters for all variants
Added Component: Designator=C42_FR(0805)
Add component. Clean all parameters for all variants
Added Component: Designator=R11_FR(0805)
Add component. Clean all parameters for all variants
Added Component: Designator=R12_FR(0805)
Add component. Clean all parameters for all variants
Added Component: Designator=R13_FR(0805)
Add component. Clean all parameters for all variants
Added Component: Designator=R21_FR(0805)
Add component. Clean all parameters for all variants
Added Component: Designator=R22_FR(0805)
Add component. Clean all parameters for all variants
Added Component: Designator=R23_FR(0805)
Add component. Clean all parameters for all variants
Added Component: Designator=R31_FR(0805)
Add component. Clean all parameters for all variants
Added Component: Designator=R32_FR(0805)
Add component. Clean all parameters for all variants
Added Component: Designator=R33_FR(0805)
Add component. Clean all parameters for all variants
Added Component: Designator=R41_FR(0805)
Add component. Clean all parameters for all variants
Added Component: Designator=R42_FR(0805)
Add component. Clean all parameters for all variants
Added Component: Designator=R43_FR(0805)
Add component. Clean all parameters for all variants
Added Component: Designator=U1_FR(TI-D14_N)
Add component. Clean all parameters for all variants
Add component (AddParameter): Name = "CMRR(Min)(dB)"; Value = "75"; VariantName = "[No Variations]"
Add component (AddParameter): Name = "Code_JEDEC"; Value = "MS-012"; VariantName = "[No Variations]"
Add component (AddParameter): Name = "ComponentLink1Description"; Value = "Manufacturer URL"; VariantName = "[No Variations]"
Add component (AddParameter): Name = "ComponentLink1URL"; Value = "http://www.ti.com/"; VariantName = "[No Variations]"
Add component (AddParameter): Name = "ComponentLink2Description"; Value = "Datasheet"; VariantName = "[No Variations]"
Add component (AddParameter): Name = "ComponentLink2URL"; Value = "http://www.ti.com/lit/ds/symlink/tl084a.pdf"; VariantName = "[No Variations]"
Add component (AddParameter): Name = "ComponentLink3Description"; Value = "Package Specification"; VariantName = "[No Variations]"
Add component (AddParameter): Name = "ComponentLink3URL"; Value = "http://www.ti.com/lit/ml/mpds177g/mpds177g.pdf"; VariantName = "[No Variations]"
Add component (AddParameter): Name = "DatasheetVersion"; Value = "SLOS081G"; VariantName = "[No Variations]"
Add component (AddParameter): Name = "Eco-Plan"; Value = "Green (RoHS & no Sb/Br)"; VariantName = "[No Variations]"
Add component (AddParameter): Name = "GBW(Typ)(MHz)"; Value = "3"; VariantName = "[No Variations]"
Add component (AddParameter): Name = "IIB(Max)(pA)"; Value = "200"; VariantName = "[No Variations]"
Add component (AddParameter): Name = "Iq per channel(Max)(mA)"; Value = "2.8"; VariantName = "[No Variations]"
Add component (AddParameter): Name = "Manufacturer"; Value = "Texas Instruments"; VariantName = "[No Variations]"
Add component (AddParameter): Name = "Mounting Technology"; Value = "Surface Mount"; VariantName = "[No Variations]"
Add component (AddParameter): Name = "Number of Channels"; Value = "4"; VariantName = "[No Variations]"
Add component (AddParameter): Name = "Offset Drift(Typ)(uV/C)"; Value = "18"; VariantName = "[No Variations]"
Add component (AddParameter): Name = "PackageDescription"; Value = "14-Pin Plastic Small Outline, Body 8.65 x 3.90 mm, Pitch 1.27 mm"; VariantName = "[No Variations]"
Add component (AddParameter): Name = "PackageReference"; Value = "D14"; VariantName = "[No Variations]"
Add component (AddParameter): Name = "PackageVersion"; Value = "4040047-5/M, 06/2011"; VariantName = "[No Variations]"
Add component (AddParameter): Name = "PartNumber"; Value = "TL084ACD"; VariantName = "[No Variations]"
Add component (AddParameter): Name = "Rating"; Value = "Catalog"; VariantName = "[No Variations]"
Add component (AddParameter): Name = "Slew Rate(Typ)(V/us)"; Value = "13"; VariantName = "[No Variations]"
Add component (AddParameter): Name = "Sub Family"; Value = "General Purpose Amplifier, High Supply Voltage Amplifier (>=30V)"; VariantName = "[No Variations]"
Add component (AddParameter): Name = "Supplier 1"; Value = "Digi-Key"; VariantName = "[No Variations]"
Add component (AddParameter): Name = "Supplier 2"; Value = "Farnell"; VariantName = "[No Variations]"
Add component (AddParameter): Name = "Supplier 3"; Value = "Newark"; VariantName = "[No Variations]"
Add component (AddParameter): Name = "Supplier 4"; Value = "Mouser"; VariantName = "[No Variations]"
Add component (AddParameter): Name = "Supplier Part Number 1"; Value = "296-7210-5-ND"; VariantName = "[No Variations]"
Add component (AddParameter): Name = "Supplier Part Number 2"; Value = "9593420"; VariantName = "[No Variations]"
Add component (AddParameter): Name = "Supplier Part Number 3"; Value = "08F9355"; VariantName = "[No Variations]"
Add component (AddParameter): Name = "Supplier Part Number 4"; Value = "595-TL084ACD"; VariantName = "[No Variations]"
Add component (AddParameter): Name = "Total Supply Voltage(Max)(+5V is 5, +/-5V is 10)"; Value = "36"; VariantName = "[No Variations]"
Add component (AddParameter): Name = "Total Supply Voltage(Min)(+5V is 5, +/-5V is 10)"; Value = "7"; VariantName = "[No Variations]"
Add component (AddParameter): Name = "Vio (25C)(Max)(mV)"; Value = "6"; VariantName = "[No Variations]"
Add component (AddParameter): Name = "Vn at 1kHz(Typ)(nV/rtHz)"; Value = "18"; VariantName = "[No Variations]"
Added Pin To Net: NetName=+VCC Pin=C1_FR-1
Added Pin To Net: NetName=GND Pin=C1_FR-2
Added Pin To Net: NetName=-VCC Pin=C2_FR-1
Added Pin To Net: NetName=GND Pin=C2_FR-2
Added Pin To Net: NetName=GND Pin=C11_FR-2
Added Pin To Net: NetName=GND Pin=C21_FR-2
Added Pin To Net: NetName=GND Pin=C31_FR-2
Added Pin To Net: NetName=GND Pin=C41_FR-2
Added Pin To Net: NetName=GND Pin=U1_FR-3
Added Pin To Net: NetName=+VCC Pin=U1_FR-4
Added Pin To Net: NetName=GND Pin=U1_FR-5
Added Pin To Net: NetName=GND Pin=U1_FR-10
Added Pin To Net: NetName=-VCC Pin=U1_FR-11
Added Pin To Net: NetName=GND Pin=U1_FR-12
Change Net Name : Old Net Name=V1out New Net Name=V1out_FAA
Change Net Name : Old Net Name=V2out New Net Name=V2out_FAA
Change Net Name : Old Net Name=V3out New Net Name=V3out_FAA
Change Net Name : Old Net Name=V4out New Net Name=V4out_FAA
Change Net Name : Old Net Name=V-1 New Net Name=V-1_FAA
Change Net Name : Old Net Name=V-2 New Net Name=V-2_FAA
Change Net Name : Old Net Name=V-3 New Net Name=V-3_FAA
Change Net Name : Old Net Name=V-4 New Net Name=V-4_FAA
Change Net Name : Old Net Name=Vx1 New Net Name=Vx1_FAA
Change Net Name : Old Net Name=Vx2 New Net Name=Vx2_FAA
Change Net Name : Old Net Name=Vx3 New Net Name=Vx3_FAA
Change Net Name : Old Net Name=Vx4 New Net Name=Vx4_FAA
Added Pin To Net: NetName=NetR11_FR_1 Pin=R11_FR-1
Added Net: Name=NetR11_FR_1
Added Pin To Net: NetName=V1out_FR Pin=C12_FR-1
Added Pin To Net: NetName=V1out_FR Pin=R13_FR-1
Added Pin To Net: NetName=V1out_FR Pin=R21_FR-1
Added Pin To Net: NetName=V1out_FR Pin=U1_FR-1
Added Net: Name=V1out_FR
Added Pin To Net: NetName=V2out_FR Pin=C22_FR-1
Added Pin To Net: NetName=V2out_FR Pin=R23_FR-1
Added Pin To Net: NetName=V2out_FR Pin=R31_FR-1
Added Pin To Net: NetName=V2out_FR Pin=U1_FR-7
Added Net: Name=V2out_FR
Added Pin To Net: NetName=V3out_FR Pin=C32_FR-1
Added Pin To Net: NetName=V3out_FR Pin=R33_FR-1
Added Pin To Net: NetName=V3out_FR Pin=R41_FR-1
Added Pin To Net: NetName=V3out_FR Pin=U1_FR-8
Added Net: Name=V3out_FR
Added Pin To Net: NetName=V4out_FR Pin=C42_FR-1
Added Pin To Net: NetName=V4out_FR Pin=R43_FR-1
Added Pin To Net: NetName=V4out_FR Pin=U1_FR-14
Added Net: Name=V4out_FR
Added Pin To Net: NetName=V-1_FR Pin=C12_FR-2
Added Pin To Net: NetName=V-1_FR Pin=R12_FR-2
Added Pin To Net: NetName=V-1_FR Pin=U1_FR-2
Added Net: Name=V-1_FR
Added Pin To Net: NetName=V-2_FR Pin=C22_FR-2
Added Pin To Net: NetName=V-2_FR Pin=R22_FR-2
Added Pin To Net: NetName=V-2_FR Pin=U1_FR-6
Added Net: Name=V-2_FR
Added Pin To Net: NetName=V-3_FR Pin=C32_FR-2
Added Pin To Net: NetName=V-3_FR Pin=R32_FR-2
Added Pin To Net: NetName=V-3_FR Pin=U1_FR-9
Added Net: Name=V-3_FR
Added Pin To Net: NetName=V-4_FR Pin=C42_FR-2
Added Pin To Net: NetName=V-4_FR Pin=R42_FR-2
Added Pin To Net: NetName=V-4_FR Pin=U1_FR-13
Added Net: Name=V-4_FR
Added Pin To Net: NetName=Vx1_FR Pin=C11_FR-1
Added Pin To Net: NetName=Vx1_FR Pin=R11_FR-2
Added Pin To Net: NetName=Vx1_FR Pin=R12_FR-1
Added Pin To Net: NetName=Vx1_FR Pin=R13_FR-2
Added Net: Name=Vx1_FR
Added Pin To Net: NetName=Vx2_FR Pin=C21_FR-1
Added Pin To Net: NetName=Vx2_FR Pin=R21_FR-2
Added Pin To Net: NetName=Vx2_FR Pin=R22_FR-1
Added Pin To Net: NetName=Vx2_FR Pin=R23_FR-2
Added Net: Name=Vx2_FR
Added Pin To Net: NetName=Vx3_FR Pin=C31_FR-1
Added Pin To Net: NetName=Vx3_FR Pin=R31_FR-2
Added Pin To Net: NetName=Vx3_FR Pin=R32_FR-1
Added Pin To Net: NetName=Vx3_FR Pin=R33_FR-2
Added Net: Name=Vx3_FR
Added Pin To Net: NetName=Vx4_FR Pin=C41_FR-1
Added Pin To Net: NetName=Vx4_FR Pin=R41_FR-2
Added Pin To Net: NetName=Vx4_FR Pin=R42_FR-1
Added Pin To Net: NetName=Vx4_FR Pin=R43_FR-2
Added Net: Name=Vx4_FR
Added Class: Name=FR
Added Class: Name=LowPassFilter
Added Room: Name=FR
